epoch 0, loss 0.5829: 100%|█████████████████████████████████████████████████████████████████████| 375/375 [00:33<00:00, 11.25it/s]
epoch 0, valid loss 0.4068: 100%|█████████████████████████████████████████████████████████████████| 94/94 [00:03<00:00, 24.36it/s]
epoch 1, loss 0.3507: 100%|█████████████████████████████████████████████████████████████████████| 375/375 [00:33<00:00, 11.35it/s]
epoch 1, valid loss 0.2933: 100%|█████████████████████████████████████████████████████████████████| 94/94 [00:03<00:00, 25.18it/s]
epoch 2, loss 0.2358: 100%|█████████████████████████████████████████████████████████████████████| 375/375 [00:32<00:00, 11.43it/s]
epoch 2, valid loss 0.1863: 100%|█████████████████████████████████████████████████████████████████| 94/94 [00:03<00:00, 25.08it/s]
epoch 3, loss 0.1575: 100%|█████████████████████████████████████████████████████████████████████| 375/375 [00:32<00:00, 11.44it/s]
epoch 3, valid loss 0.1319: 100%|█████████████████████████████████████████████████████████████████| 94/94 [00:03<00:00, 25.00it/s]
epoch 4, loss 0.1148: 100%|█████████████████████████████████████████████████████████████████████| 375/375 [00:33<00:00, 11.36it/s]
epoch 4, valid loss 0.1021: 100%|█████████████████████████████████████████████████████████████████| 94/94 [00:03<00:00, 25.07it/s]
epoch 5, loss 0.0919: 100%|█████████████████████████████████████████████████████████████████████| 375/375 [00:33<00:00, 11.29it/s]
epoch 5, valid loss 0.0827: 100%|█████████████████████████████████████████████████████████████████| 94/94 [00:03<00:00, 25.22it/s]
epoch 6, loss 0.0789: 100%|█████████████████████████████████████████████████████████████████████| 375/375 [00:32<00:00, 11.41it/s]
epoch 6, valid loss 0.0743: 100%|█████████████████████████████████████████████████████████████████| 94/94 [00:03<00:00, 25.42it/s]
epoch 7, loss 0.0716: 100%|█████████████████████████████████████████████████████████████████████| 375/375 [00:32<00:00, 11.41it/s]
epoch 7, valid loss 0.0669: 100%|█████████████████████████████████████████████████████████████████| 94/94 [00:03<00:00, 25.46it/s]
epoch 8, loss 0.0665: 100%|█████████████████████████████████████████████████████████████████████| 375/375 [00:32<00:00, 11.42it/s]
epoch 8, valid loss 0.0642: 100%|█████████████████████████████████████████████████████████████████| 94/94 [00:03<00:00, 25.28it/s]
epoch 9, loss 0.0619: 100%|█████████████████████████████████████████████████████████████████████| 375/375 [00:32<00:00, 11.48it/s]
epoch 9, valid loss 0.0598: 100%|█████████████████████████████████████████████████████████████████| 94/94 [00:03<00:00, 25.57it/s]
epoch 10, loss 0.0588: 100%|████████████████████████████████████████████████████████████████████| 375/375 [00:32<00:00, 11.41it/s]
epoch 10, valid loss 0.0568: 100%|████████████████████████████████████████████████████████████████| 94/94 [00:03<00:00, 25.34it/s]
epoch 11, loss 0.0568: 100%|████████████████████████████████████████████████████████████████████| 375/375 [00:32<00:00, 11.49it/s]
epoch 11, valid loss 0.0545: 100%|████████████████████████████████████████████████████████████████| 94/94 [00:03<00:00, 25.28it/s]
epoch 12, loss 0.0546: 100%|████████████████████████████████████████████████████████████████████| 375/375 [00:32<00:00, 11.45it/s]
epoch 12, valid loss 0.0535: 100%|████████████████████████████████████████████████████████████████| 94/94 [00:03<00:00, 25.33it/s]
epoch 13, loss 0.0525: 100%|████████████████████████████████████████████████████████████████████| 375/375 [00:32<00:00, 11.43it/s]
epoch 13, valid loss 0.0529: 100%|████████████████████████████████████████████████████████████████| 94/94 [00:03<00:00, 25.43it/s]
epoch 14, loss 0.0519: 100%|████████████████████████████████████████████████████████████████████| 375/375 [00:32<00:00, 11.46it/s]
epoch 14, valid loss 0.0509: 100%|████████████████████████████████████████████████████████████████| 94/94 [00:03<00:00, 25.33it/s]
epoch 15, loss 0.0509: 100%|████████████████████████████████████████████████████████████████████| 375/375 [00:32<00:00, 11.43it/s]
epoch 15, valid loss 0.0494: 100%|████████████████████████████████████████████████████████████████| 94/94 [00:03<00:00, 25.45it/s]
epoch 16, loss 0.0498: 100%|████████████████████████████████████████████████████████████████████| 375/375 [00:32<00:00, 11.43it/s]
epoch 16, valid loss 0.0491: 100%|████████████████████████████████████████████████████████████████| 94/94 [00:03<00:00, 25.33it/s]
epoch 17, loss 0.0487: 100%|████████████████████████████████████████████████████████████████████| 375/375 [00:32<00:00, 11.44it/s]
epoch 17, valid loss 0.0482: 100%|████████████████████████████████████████████████████████████████| 94/94 [00:03<00:00, 25.57it/s]
epoch 18, loss 0.0478: 100%|████████████████████████████████████████████████████████████████████| 375/375 [00:32<00:00, 11.47it/s]
epoch 18, valid loss 0.0478: 100%|████████████████████████████████████████████████████████████████| 94/94 [00:03<00:00, 25.26it/s]
epoch 19, loss 0.0477: 100%|████████████████████████████████████████████████████████████████████| 375/375 [00:33<00:00, 11.34it/s]
epoch 19, valid loss 0.0473: 100%|████████████████████████████████████████████████████████████████| 94/94 [00:03<00:00, 25.47it/s]
epoch 20, loss 0.0470: 100%|████████████████████████████████████████████████████████████████████| 375/375 [00:33<00:00, 11.35it/s]
epoch 20, valid loss 0.0464: 100%|████████████████████████████████████████████████████████████████| 94/94 [00:03<00:00, 25.22it/s]
epoch 21, loss 0.0465: 100%|████████████████████████████████████████████████████████████████████| 375/375 [00:32<00:00, 11.39it/s]
epoch 21, valid loss 0.0461: 100%|████████████████████████████████████████████████████████████████| 94/94 [00:03<00:00, 25.54it/s]
epoch 22, loss 0.0457: 100%|████████████████████████████████████████████████████████████████████| 375/375 [00:33<00:00, 11.29it/s]
epoch 22, valid loss 0.0467: 100%|████████████████████████████████████████████████████████████████| 94/94 [00:03<00:00, 25.39it/s]
epoch 23, loss 0.0455: 100%|████████████████████████████████████████████████████████████████████| 375/375 [00:32<00:00, 11.39it/s]
epoch 23, valid loss 0.0463: 100%|████████████████████████████████████████████████████████████████| 94/94 [00:03<00:00, 25.55it/s]
epoch 24, loss 0.0453: 100%|████████████████████████████████████████████████████████████████████| 375/375 [00:32<00:00, 11.37it/s]
epoch 24, valid loss 0.0451: 100%|████████████████████████████████████████████████████████████████| 94/94 [00:03<00:00, 25.39it/s]
epoch 25, loss 0.0450: 100%|████████████████████████████████████████████████████████████████████| 375/375 [00:32<00:00, 11.42it/s]
epoch 25, valid loss 0.0441: 100%|████████████████████████████████████████████████████████████████| 94/94 [00:03<00:00, 25.47it/s]
epoch 26, loss 0.0442: 100%|████████████████████████████████████████████████████████████████████| 375/375 [00:32<00:00, 11.39it/s]
epoch 26, valid loss 0.0449: 100%|████████████████████████████████████████████████████████████████| 94/94 [00:03<00:00, 25.41it/s]
epoch 27, loss 0.0444: 100%|████████████████████████████████████████████████████████████████████| 375/375 [00:33<00:00, 11.36it/s]
epoch 27, valid loss 0.0437: 100%|████████████████████████████████████████████████████████████████| 94/94 [00:03<00:00, 25.55it/s]
epoch 28, loss 0.0440: 100%|████████████████████████████████████████████████████████████████████| 375/375 [00:32<00:00, 11.39it/s]
epoch 28, valid loss 0.0442: 100%|████████████████████████████████████████████████████████████████| 94/94 [00:03<00:00, 25.39it/s]
epoch 29, loss 0.0439: 100%|████████████████████████████████████████████████████████████████████| 375/375 [00:32<00:00, 11.41it/s]
epoch 29, valid loss 0.0433: 100%|████████████████████████████████████████████████████████████████| 94/94 [00:03<00:00, 23.58it/s]
epoch 30, loss 0.0436: 100%|████████████████████████████████████████████████████████████████████| 375/375 [00:32<00:00, 11.43it/s]
epoch 30, valid loss 0.0433: 100%|████████████████████████████████████████████████████████████████| 94/94 [00:03<00:00, 25.07it/s]
epoch 31, loss 0.0439:  92%|██████████████████████████████████████████████████████████████▍     | 344/375epoch 31, loss 0.0439:  92%|██████████████████████████████████████████████████████████████▍     | 344/375epoch 31, loss 0.0439:  92%|██████████████████████████████████████████████████████████████▋     | 346/375epoch 31, loss 0.0439:  92%|██████████████████████████████████████████████████████████████▋     | 346/375epoch 31, loss 0.0439:  92%|██████████████████████████████████████████████████████████████▋     | 346/375epoch 31, loss 0.0439:  93%|███████████████████████████████████████████████████████████████     | 348/375epoch 31, loss 0.0439:  93%|███████████████████████████████████████████████████████████████     | 348/375epoch 31, loss 0.0439:  93%|███████████████████████████████████████████████████████████████     | 348/375epoch 31, loss 0.0439:  93%|███████████████████████████████████████████████████████████████▍    | 350/375epoch 31, loss 0.0439:  93%|███████████████████████████████████████████████████████████████▍    | 350/375epoch 31, loss 0.0439:  93%|███████████████████████████████████████████████████████████████▍    | 350/375epoch 31, loss 0.0439:  94%|███████████████████████████████████████████████████████████████▊    | 352/375epoch 31, loss 0.0439:  94%|███████████████████████████████████████████████████████████████▊    | 352/375epoch 31, loss 0.0439:  94%|███████████████████████████████████████████████████████████████▊    | 352/375epoch 31, loss 0.0439:  94%|████████████████████████████████████████████████████████████████▏   | 354/375epoch 31, loss 0.0439:  94%|████████████████████████████████████████████████████████████████▏   | 354/375epoch 31, loss 0.0439:  94%|████████████████████████████████████████████████████████████████▏   | 354/375epoch 31, loss 0.0439:  95%|████████████████████████████████████████████████████████████████▌   | 356/375epoch 31, loss 0.0439:  95%|████████████████████████████████████████████████████████████████▌   | 356/375epoch 31, loss 0.0439:  95%|████████████████████████████████████████████████████████████████▌   | 356/375epoch 31, loss 0.0439:  95%|████████████████████████████████████████████████████████████████▉   | 358/375epoch 31, loss 0.0439:  95%|████████████████████████████████████████████████████████████████▉   | 358/375epoch 31, loss 0.0439:  95%|████████████████████████████████████████████████████████████████▉   | 358/375epoch 31, loss 0.0439:  96%|█████████████████████████████████████████████████████████████████▎  | 360/375epoch 31, loss 0.0439:  96%|█████████████████████████████████████████████████████████████████▎  | 360/375epoch 31, loss 0.0439:  96%|█████████████████████████████████████████████████████████████████▎  | 360/375epoch 31, loss 0.0439:  97%|█████████████████████████████████████████████████████████████████▋  | 362/375epoch 31, loss 0.0439:  97%|█████████████████████████████████████████████████████████████████▋  | 362/375epoch 31, loss 0.0439:  97%|█████████████████████████████████████████████████████████████████▋  | 362/375epoch 31, loss 0.0439:  97%|██████████████████████████████████████████████████████████████████  | 364/375epoch 31, loss 0.0439:  97%|██████████████████████████████████████████████████████████████████  | 364/375epoch 31, loss 0.0439: 100%|████████████████████████████████████████████████████████████████████| 375/375 [00:33<00:00, 11.32it/s]
epoch 31, valid loss 0.0436: 100%|███████████████████████████████████████| 94/94 [00:03<00:00, 24.94it/s]
epoch 32, loss 0.0430: 100%|████████████████████████████████████████████████████████████████████| 375/375 [00:33<00:00, 11.34it/s]
epoch 32, valid loss 0.0427: 100%|████████████████████████████████████████████████████████████████| 94/94 [00:03<00:00, 25.13it/s]
epoch 33, loss 0.0425: 100%|████████████████████████████████████████████████████████████████████| 375/375 [00:33<00:00, 11.35it/s]
epoch 33, valid loss 0.0433: 100%|████████████████████████████████████████████████████████████████| 94/94 [00:03<00:00, 25.27it/s]
epoch 34, loss 0.0424: 100%|████████████████████████████████████████████████████████████████████| 375/375 [00:32<00:00, 11.41it/s]
epoch 34, valid loss 0.0425: 100%|████████████████████████████████████████████████████████████████| 94/94 [00:03<00:00, 24.96it/s]
epoch 35, loss 0.0428: 100%|████████████████████████████████████████████████████████████████████| 375/375 [00:32<00:00, 11.51it/s]
epoch 35, valid loss 0.0425: 100%|████████████████████████████████████████████████████████████████| 94/94 [00:03<00:00, 25.29it/s]
epoch 36, loss 0.0426: 100%|████████████████████████████████████████████████████████████████████| 375/375 [00:32<00:00, 11.44it/s]
epoch 36, valid loss 0.0422: 100%|████████████████████████████████████████████████████████████████| 94/94 [00:03<00:00, 25.36it/s]
epoch 37, loss 0.0422:  64%|███████████████████████████████████████████▌                        | 240/375 [00:21<00:11, 11.31it/s]epoch 37, loss 0.0422:  64%|███████████████████████████████████████████▋                        | 241/375 [00:21<00:11, 11.36it/s]